<?xml version="1.0" encoding="UTF-8"?>
<!-- Generated by org.testng.reporters.JUnitXMLReporter -->
<testsuite ignored="0" hostname="LuisGabriel" failures="0" tests="5" name="Default test" time="16.075" errors="0" timestamp="2021-01-03T12:39:41 CST">
  <testcase classname="finaltc.VerifyIfSearchFunctionalityWorksNonExistingProducts" name="verifyIfSearchFunctionalityWorksNonExistingProducts" time="1.876"/>
  <testcase classname="finaltc.VerifyIfSearchFunctionalityWorksNonExistingProducts" name="verifyIfSearchFunctionalityWorksNonExistingProducts" time="1.954"/>
  <testcase classname="finaltc.VerifyIfSearchFunctionalityWorksNonExistingProducts" name="verifyIfSearchFunctionalityWorksNonExistingProducts" time="1.859"/>
  <testcase classname="finaltc.VerifyIfSearchFunctionalityWorksNonExistingProducts" name="verifyIfSearchFunctionalityWorksNonExistingProducts" time="1.791"/>
  <testcase classname="finaltc.VerifyIfSearchFunctionalityWorksNonExistingProducts" name="verifyIfSearchFunctionalityWorksNonExistingProducts" time="1.799"/>
</testsuite> <!-- Default test -->
