<?xml version="1.0" encoding="UTF-8"?>
<!-- Generated by org.testng.reporters.JUnitXMLReporter -->
<testsuite ignored="0" hostname="LuisGabriel" failures="1" tests="1" name="AddingMultipleItemsCart" time="12.4" errors="0" timestamp="2021-01-03T12:16:56 CST">
  <testcase classname="finaltc.AddingMultipleItemsCart" name="addingMultipleMoreThanOneItemsCart" time="2.995">
    <failure type="java.lang.AssertionError" message="expected [1] but found [7]">
      <![CDATA[java.lang.AssertionError: expected [1] but found [7]
at finaltc.AddingMultipleItemsCart.addingMultipleMoreThanOneItemsCart(AddingMultipleItemsCart.java:58)
at java.base/java.util.ArrayList.forEach(ArrayList.java:1541)
at java.base/java.util.concurrent.FutureTask.run(FutureTask.java:264)
at java.base/java.util.concurrent.ThreadPoolExecutor.runWorker(ThreadPoolExecutor.java:1128)
at java.base/java.util.concurrent.ThreadPoolExecutor$Worker.run(ThreadPoolExecutor.java:628)
at java.base/java.lang.Thread.run(Thread.java:834)
... Removed 24 stack frames]]>
    </failure>
  </testcase> <!-- addingMultipleMoreThanOneItemsCart -->
</testsuite> <!-- AddingMultipleItemsCart -->
