<?xml version="1.0" encoding="UTF-8"?>
<!-- Generated by org.testng.reporters.JUnitXMLReporter -->
<testsuite ignored="0" hostname="LuisGabriel" failures="0" tests="1" name="VerifyIfCartClearButtonClearAddedMultipleISingleItemsToCart" time="16.622" errors="0" timestamp="2021-01-03T12:17:00 CST">
  <testcase classname="finaltc.VerifyIfCartClearButtonClearAddedMultipleISingleItemsToCart" name="verifyIfCartClearButtonClearAddedMultipleISingleItemsToCart" time="1.818"/>
</testsuite> <!-- VerifyIfCartClearButtonClearAddedMultipleISingleItemsToCart -->
