<?xml version="1.0" encoding="UTF-8"?>
<!-- Generated by org.testng.reporters.JUnitXMLReporter -->
<testsuite ignored="0" hostname="LuisGabriel" failures="0" tests="5" name="VerifyIfSearchFunctionalityWorksNonExistingProducts" time="15.774" errors="0" timestamp="2021-01-03T13:48:52 CST">
  <testcase classname="finaltc.VerifyIfSearchFunctionalityWorksNonExistingProducts" name="verifyIfSearchFunctionalityWorksNonExistingProducts" time="1.87"/>
  <testcase classname="finaltc.VerifyIfSearchFunctionalityWorksNonExistingProducts" name="verifyIfSearchFunctionalityWorksNonExistingProducts" time="1.912"/>
  <testcase classname="finaltc.VerifyIfSearchFunctionalityWorksNonExistingProducts" name="verifyIfSearchFunctionalityWorksNonExistingProducts" time="1.863"/>
  <testcase classname="finaltc.VerifyIfSearchFunctionalityWorksNonExistingProducts" name="verifyIfSearchFunctionalityWorksNonExistingProducts" time="1.805"/>
  <testcase classname="finaltc.VerifyIfSearchFunctionalityWorksNonExistingProducts" name="verifyIfSearchFunctionalityWorksNonExistingProducts" time="1.82"/>
</testsuite> <!-- VerifyIfSearchFunctionalityWorksNonExistingProducts -->
