<?xml version="1.0" encoding="UTF-8"?>
<!-- Generated by org.testng.reporters.JUnitXMLReporter -->
<testsuite ignored="0" hostname="LuisGabriel" failures="0" tests="5" name="VerifyIfSearchFunctionalityWorksExistingProducts" time="28.246" errors="0" timestamp="2021-01-03T13:49:03 CST">
  <testcase classname="finaltc.VerifyIfSearchFunctionalityWorksExistingProducts" name="verifyIfSearchFunctionalityWorksExistingProducts" time="3.489"/>
  <testcase classname="finaltc.VerifyIfSearchFunctionalityWorksExistingProducts" name="verifyIfSearchFunctionalityWorksExistingProducts" time="3.589"/>
  <testcase classname="finaltc.VerifyIfSearchFunctionalityWorksExistingProducts" name="verifyIfSearchFunctionalityWorksExistingProducts" time="3.554"/>
  <testcase classname="finaltc.VerifyIfSearchFunctionalityWorksExistingProducts" name="verifyIfSearchFunctionalityWorksExistingProducts" time="3.505"/>
  <testcase classname="finaltc.VerifyIfSearchFunctionalityWorksExistingProducts" name="verifyIfSearchFunctionalityWorksExistingProducts" time="3.539"/>
</testsuite> <!-- VerifyIfSearchFunctionalityWorksExistingProducts -->
