<?xml version="1.0" encoding="UTF-8"?>
<!-- Generated by org.testng.reporters.JUnitXMLReporter -->
<testsuite ignored="0" hostname="LuisGabriel" failures="0" tests="1" name="VerifyIfCartClearButtonClearAddedMultipleISingleItemsToCart" time="13.959" errors="0" timestamp="2021-01-03T13:48:38 CST">
  <testcase classname="finaltc.VerifyIfCartClearButtonClearAddedMultipleISingleItemsToCart" name="verifyIfCartClearButtonClearAddedMultipleISingleItemsToCart" time="1.742"/>
</testsuite> <!-- VerifyIfCartClearButtonClearAddedMultipleISingleItemsToCart -->
