<?xml version="1.0" encoding="UTF-8"?>
<!-- Generated by org.testng.reporters.JUnitXMLReporter -->
<testsuite ignored="0" hostname="LuisGabriel" failures="0" tests="5" name="VerifyIfSearchFunctionalityWorks" time="27.502" errors="0" timestamp="2021-01-03T12:17:24 CST">
  <testcase classname="finaltc.VerifyIfSearchFunctionalityWorks" name="verifyIfSearchFunctionalityWorks" time="3.505"/>
  <testcase classname="finaltc.VerifyIfSearchFunctionalityWorks" name="verifyIfSearchFunctionalityWorks" time="3.622"/>
  <testcase classname="finaltc.VerifyIfSearchFunctionalityWorks" name="verifyIfSearchFunctionalityWorks" time="3.562"/>
  <testcase classname="finaltc.VerifyIfSearchFunctionalityWorks" name="verifyIfSearchFunctionalityWorks" time="3.534"/>
  <testcase classname="finaltc.VerifyIfSearchFunctionalityWorks" name="verifyIfSearchFunctionalityWorks" time="3.541"/>
</testsuite> <!-- VerifyIfSearchFunctionalityWorks -->
