<?xml version="1.0" encoding="UTF-8"?>
<testng-results ignored="0" total="9" passed="7" failed="2" skipped="0">
  <reporter-output>
  </reporter-output>
  <suite started-at="2021-01-02T21:12:16 CST" name="Suite" finished-at="2021-01-02T21:12:49 CST" duration-ms="33409">
    <groups>
    </groups>
    <test started-at="2021-01-02T21:12:16 CST" name="VerifyTotalSumOfAddQuantitySingleItem" finished-at="2021-01-02T21:12:27 CST" duration-ms="11318">
      <class name="finaltc.VerifyTotalSumOfAddQuantitySingleItem">
        <test-method is-config="true" signature="getConnection()[pri:0, instance:finaltc.VerifyTotalSumOfAddQuantitySingleItem@22e357dc]" started-at="2021-01-02T21:12:16 CST" name="getConnection" finished-at="2021-01-02T21:12:27 CST" duration-ms="11051" status="PASS">
          <reporter-output>
          </reporter-output>
        </test-method> <!-- getConnection -->
        <test-method signature="verifyTotalSumOfAddQuantityOneItem()[pri:0, instance:finaltc.VerifyTotalSumOfAddQuantitySingleItem@22e357dc]" started-at="2021-01-02T21:12:27 CST" name="verifyTotalSumOfAddQuantityOneItem" finished-at="2021-01-02T21:12:27 CST" duration-ms="237" status="PASS">
          <reporter-output>
          </reporter-output>
        </test-method> <!-- verifyTotalSumOfAddQuantityOneItem -->
        <test-method is-config="true" signature="close()[pri:0, instance:finaltc.VerifyTotalSumOfAddQuantitySingleItem@22e357dc]" started-at="2021-01-02T21:12:27 CST" name="close" finished-at="2021-01-02T21:12:27 CST" duration-ms="20" status="PASS">
          <reporter-output>
          </reporter-output>
        </test-method> <!-- close -->
      </class> <!-- finaltc.VerifyTotalSumOfAddQuantitySingleItem -->
    </test> <!-- VerifyTotalSumOfAddQuantitySingleItem -->
    <test started-at="2021-01-02T21:12:16 CST" name="ValidateAddingQuantityToTheItemShoppingCart" finished-at="2021-01-02T21:12:28 CST" duration-ms="11832">
      <class name="finaltc.ValidateAddingQuantityToTheItemShoppingCart">
        <test-method is-config="true" signature="getConnection()[pri:0, instance:finaltc.ValidateAddingQuantityToTheItemShoppingCart@2accdbb5]" started-at="2021-01-02T21:12:16 CST" name="getConnection" finished-at="2021-01-02T21:12:27 CST" duration-ms="11446" status="PASS">
          <reporter-output>
          </reporter-output>
        </test-method> <!-- getConnection -->
        <test-method signature="addingQuantityProductsToCart()[pri:0, instance:finaltc.ValidateAddingQuantityToTheItemShoppingCart@2accdbb5]" started-at="2021-01-02T21:12:27 CST" name="addingQuantityProductsToCart" finished-at="2021-01-02T21:12:28 CST" duration-ms="350" status="PASS">
          <reporter-output>
          </reporter-output>
        </test-method> <!-- addingQuantityProductsToCart -->
        <test-method is-config="true" signature="close()[pri:0, instance:finaltc.ValidateAddingQuantityToTheItemShoppingCart@2accdbb5]" started-at="2021-01-02T21:12:28 CST" name="close" finished-at="2021-01-02T21:12:28 CST" duration-ms="25" status="PASS">
          <reporter-output>
          </reporter-output>
        </test-method> <!-- close -->
      </class> <!-- finaltc.ValidateAddingQuantityToTheItemShoppingCart -->
    </test> <!-- ValidateAddingQuantityToTheItemShoppingCart -->
    <test started-at="2021-01-02T21:12:16 CST" name="VerifyIfCartClearButtonClearAddedMultipleISingleItemsToCart" finished-at="2021-01-02T21:12:28 CST" duration-ms="12499">
      <class name="finaltc.VerifyIfCartClearButtonClearAddedMultipleISingleItemsToCart">
        <test-method is-config="true" signature="getConnection()[pri:0, instance:finaltc.VerifyIfCartClearButtonClearAddedMultipleISingleItemsToCart@62230c58]" started-at="2021-01-02T21:12:16 CST" name="getConnection" finished-at="2021-01-02T21:12:26 CST" duration-ms="10379" status="PASS">
          <reporter-output>
          </reporter-output>
        </test-method> <!-- getConnection -->
        <test-method signature="verifyIfCartClearButtonClearAddedMultipleISingleItemsToCart()[pri:0, instance:finaltc.VerifyIfCartClearButtonClearAddedMultipleISingleItemsToCart@62230c58]" started-at="2021-01-02T21:12:26 CST" name="verifyIfCartClearButtonClearAddedMultipleISingleItemsToCart" finished-at="2021-01-02T21:12:28 CST" duration-ms="2074" status="PASS">
          <reporter-output>
          </reporter-output>
        </test-method> <!-- verifyIfCartClearButtonClearAddedMultipleISingleItemsToCart -->
        <test-method is-config="true" signature="close()[pri:0, instance:finaltc.VerifyIfCartClearButtonClearAddedMultipleISingleItemsToCart@62230c58]" started-at="2021-01-02T21:12:28 CST" name="close" finished-at="2021-01-02T21:12:28 CST" duration-ms="25" status="PASS">
          <reporter-output>
          </reporter-output>
        </test-method> <!-- close -->
      </class> <!-- finaltc.VerifyIfCartClearButtonClearAddedMultipleISingleItemsToCart -->
    </test> <!-- VerifyIfCartClearButtonClearAddedMultipleISingleItemsToCart -->
    <test started-at="2021-01-02T21:12:16 CST" name="AddingMultipleItemsCart" finished-at="2021-01-02T21:12:30 CST" duration-ms="13861">
      <class name="finaltc.AddingMultipleItemsCart">
        <test-method is-config="true" signature="getConnection()[pri:0, instance:finaltc.AddingMultipleItemsCart@c333c60]" started-at="2021-01-02T21:12:16 CST" name="getConnection" finished-at="2021-01-02T21:12:27 CST" duration-ms="11064" status="PASS">
          <reporter-output>
          </reporter-output>
        </test-method> <!-- getConnection -->
        <test-method signature="addingMultipleMoreThanOneItemsCart()[pri:0, instance:finaltc.AddingMultipleItemsCart@c333c60]" started-at="2021-01-02T21:12:27 CST" name="addingMultipleMoreThanOneItemsCart" finished-at="2021-01-02T21:12:30 CST" duration-ms="2768" status="PASS">
          <reporter-output>
          </reporter-output>
        </test-method> <!-- addingMultipleMoreThanOneItemsCart -->
        <test-method is-config="true" signature="close()[pri:0, instance:finaltc.AddingMultipleItemsCart@c333c60]" started-at="2021-01-02T21:12:30 CST" name="close" finished-at="2021-01-02T21:12:30 CST" duration-ms="18" status="PASS">
          <reporter-output>
          </reporter-output>
        </test-method> <!-- close -->
      </class> <!-- finaltc.AddingMultipleItemsCart -->
    </test> <!-- AddingMultipleItemsCart -->
    <test started-at="2021-01-02T21:12:16 CST" name="VerifyIfAddButtonShowAddedWhenClicked" finished-at="2021-01-02T21:12:30 CST" duration-ms="14223">
      <class name="finaltc.VerifyIfAddButtonShowAddedWhenClicked">
        <test-method is-config="true" signature="getConnection()[pri:0, instance:finaltc.VerifyIfAddButtonShowAddedWhenClicked@524d6d96]" started-at="2021-01-02T21:12:16 CST" name="getConnection" finished-at="2021-01-02T21:12:30 CST" duration-ms="13974" status="PASS">
          <reporter-output>
          </reporter-output>
        </test-method> <!-- getConnection -->
        <test-method signature="verifyAddedTextOnAddedButton()[pri:0, instance:finaltc.VerifyIfAddButtonShowAddedWhenClicked@524d6d96]" started-at="2021-01-02T21:12:30 CST" name="verifyAddedTextOnAddedButton" finished-at="2021-01-02T21:12:30 CST" duration-ms="219" status="PASS">
          <reporter-output>
          </reporter-output>
        </test-method> <!-- verifyAddedTextOnAddedButton -->
        <test-method is-config="true" signature="close()[pri:0, instance:finaltc.VerifyIfAddButtonShowAddedWhenClicked@524d6d96]" started-at="2021-01-02T21:12:30 CST" name="close" finished-at="2021-01-02T21:12:30 CST" duration-ms="18" status="PASS">
          <reporter-output>
          </reporter-output>
        </test-method> <!-- close -->
      </class> <!-- finaltc.VerifyIfAddButtonShowAddedWhenClicked -->
    </test> <!-- VerifyIfAddButtonShowAddedWhenClicked -->
    <test started-at="2021-01-02T21:12:16 CST" name="ValidateAddingSingleItemShoppingCart" finished-at="2021-01-02T21:12:31 CST" duration-ms="15293">
      <class name="finaltc.ValidateAddingSingleItemShoppingCart">
        <test-method is-config="true" signature="getConnection()[pri:0, instance:finaltc.ValidateAddingSingleItemShoppingCart@732c2a62]" started-at="2021-01-02T21:12:16 CST" name="getConnection" finished-at="2021-01-02T21:12:31 CST" duration-ms="15005" status="PASS">
          <reporter-output>
          </reporter-output>
        </test-method> <!-- getConnection -->
        <test-method signature="AddingProductToCart()[pri:0, instance:finaltc.ValidateAddingSingleItemShoppingCart@732c2a62]" started-at="2021-01-02T21:12:31 CST" name="AddingProductToCart" finished-at="2021-01-02T21:12:31 CST" duration-ms="254" status="PASS">
          <reporter-output>
          </reporter-output>
        </test-method> <!-- AddingProductToCart -->
        <test-method is-config="true" signature="close()[pri:0, instance:finaltc.ValidateAddingSingleItemShoppingCart@732c2a62]" started-at="2021-01-02T21:12:31 CST" name="close" finished-at="2021-01-02T21:12:31 CST" duration-ms="24" status="PASS">
          <reporter-output>
          </reporter-output>
        </test-method> <!-- close -->
      </class> <!-- finaltc.ValidateAddingSingleItemShoppingCart -->
    </test> <!-- ValidateAddingSingleItemShoppingCart -->
    <test started-at="2021-01-02T21:12:16 CST" name="AddingMultipleISingleItemsToCart" finished-at="2021-01-02T21:12:33 CST" duration-ms="17573">
      <class name="finaltc.AddingMultipleISingleItemsToCart">
        <test-method is-config="true" signature="getConnection()[pri:0, instance:finaltc.AddingMultipleISingleItemsToCart@2bfc268b]" started-at="2021-01-02T21:12:16 CST" name="getConnection" finished-at="2021-01-02T21:12:32 CST" duration-ms="16101" status="PASS">
          <reporter-output>
          </reporter-output>
        </test-method> <!-- getConnection -->
        <test-method signature="addingMultipleIOneItemsToCart()[pri:0, instance:finaltc.AddingMultipleISingleItemsToCart@2bfc268b]" started-at="2021-01-02T21:12:32 CST" name="addingMultipleIOneItemsToCart" finished-at="2021-01-02T21:12:33 CST" duration-ms="1431" status="PASS">
          <reporter-output>
          </reporter-output>
        </test-method> <!-- addingMultipleIOneItemsToCart -->
        <test-method is-config="true" signature="close()[pri:0, instance:finaltc.AddingMultipleISingleItemsToCart@2bfc268b]" started-at="2021-01-02T21:12:33 CST" name="close" finished-at="2021-01-02T21:12:33 CST" duration-ms="28" status="PASS">
          <reporter-output>
          </reporter-output>
        </test-method> <!-- close -->
      </class> <!-- finaltc.AddingMultipleISingleItemsToCart -->
    </test> <!-- AddingMultipleISingleItemsToCart -->
    <test started-at="2021-01-02T21:12:16 CST" name="VerifyCheckoutButtonDisabledWhenCarEmpty" finished-at="2021-01-02T21:12:37 CST" duration-ms="21240">
      <class name="finaltc.VerifyCheckoutButtonDisabledWhenCarEmpty">
        <test-method is-config="true" signature="getConnection()[pri:0, instance:finaltc.VerifyCheckoutButtonDisabledWhenCarEmpty@3a6bb9bf]" started-at="2021-01-02T21:12:16 CST" name="getConnection" finished-at="2021-01-02T21:12:27 CST" duration-ms="11077" status="PASS">
          <reporter-output>
          </reporter-output>
        </test-method> <!-- getConnection -->
        <test-method signature="verifyCheckoutButtonDisabledWhenCarEmpty()[pri:0, instance:finaltc.VerifyCheckoutButtonDisabledWhenCarEmpty@3a6bb9bf]" started-at="2021-01-02T21:12:27 CST" name="verifyCheckoutButtonDisabledWhenCarEmpty" finished-at="2021-01-02T21:12:37 CST" duration-ms="10131" status="FAIL">
          <exception class="java.lang.AssertionError">
            <message>
              <![CDATA[expected [false] but found [true]]]>
            </message>
            <full-stacktrace>
              <![CDATA[java.lang.AssertionError: expected [false] but found [true]
at org.testng.Assert.fail(Assert.java:99)
at org.testng.Assert.failNotEquals(Assert.java:1037)
at org.testng.Assert.assertFalse(Assert.java:67)
at org.testng.Assert.assertFalse(Assert.java:77)
at finaltc.VerifyCheckoutButtonDisabledWhenCarEmpty.verifyCheckoutButtonDisabledWhenCarEmpty(VerifyCheckoutButtonDisabledWhenCarEmpty.java:40)
at java.base/jdk.internal.reflect.NativeMethodAccessorImpl.invoke0(Native Method)
at java.base/jdk.internal.reflect.NativeMethodAccessorImpl.invoke(NativeMethodAccessorImpl.java:62)
at java.base/jdk.internal.reflect.DelegatingMethodAccessorImpl.invoke(DelegatingMethodAccessorImpl.java:43)
at java.base/java.lang.reflect.Method.invoke(Method.java:566)
at org.testng.internal.MethodInvocationHelper.invokeMethod(MethodInvocationHelper.java:132)
at org.testng.internal.TestInvoker.invokeMethod(TestInvoker.java:599)
at org.testng.internal.TestInvoker.invokeTestMethod(TestInvoker.java:174)
at org.testng.internal.MethodRunner.runInSequence(MethodRunner.java:46)
at org.testng.internal.TestInvoker$MethodInvocationAgent.invoke(TestInvoker.java:822)
at org.testng.internal.TestInvoker.invokeTestMethods(TestInvoker.java:147)
at org.testng.internal.TestMethodWorker.invokeTestMethods(TestMethodWorker.java:146)
at org.testng.internal.TestMethodWorker.run(TestMethodWorker.java:128)
at java.base/java.util.ArrayList.forEach(ArrayList.java:1541)
at org.testng.TestRunner.privateRun(TestRunner.java:764)
at org.testng.TestRunner.run(TestRunner.java:585)
at org.testng.SuiteRunner.runTest(SuiteRunner.java:384)
at org.testng.SuiteRunner.access$000(SuiteRunner.java:28)
at org.testng.SuiteRunner$SuiteWorker.run(SuiteRunner.java:425)
at org.testng.internal.thread.ThreadUtil.lambda$execute$0(ThreadUtil.java:66)
at java.base/java.util.concurrent.FutureTask.run(FutureTask.java:264)
at java.base/java.util.concurrent.ThreadPoolExecutor.runWorker(ThreadPoolExecutor.java:1128)
at java.base/java.util.concurrent.ThreadPoolExecutor$Worker.run(ThreadPoolExecutor.java:628)
at java.base/java.lang.Thread.run(Thread.java:834)
]]>
            </full-stacktrace>
          </exception> <!-- java.lang.AssertionError -->
          <reporter-output>
          </reporter-output>
        </test-method> <!-- verifyCheckoutButtonDisabledWhenCarEmpty -->
        <test-method is-config="true" signature="close()[pri:0, instance:finaltc.VerifyCheckoutButtonDisabledWhenCarEmpty@3a6bb9bf]" started-at="2021-01-02T21:12:37 CST" name="close" finished-at="2021-01-02T21:12:37 CST" duration-ms="21" status="PASS">
          <reporter-output>
          </reporter-output>
        </test-method> <!-- close -->
      </class> <!-- finaltc.VerifyCheckoutButtonDisabledWhenCarEmpty -->
    </test> <!-- VerifyCheckoutButtonDisabledWhenCarEmpty -->
    <test started-at="2021-01-02T21:12:16 CST" name="VerifyIfShoppingCartKeepItemWhenBrowserGetRefreshed" finished-at="2021-01-02T21:12:49 CST" duration-ms="33407">
      <class name="finaltc.VerifyIfShoppingCartKeepItemWhenBrowserGetRefreshed">
        <test-method is-config="true" signature="getConnection()[pri:0, instance:finaltc.VerifyIfShoppingCartKeepItemWhenBrowserGetRefreshed@48974e45]" started-at="2021-01-02T21:12:16 CST" name="getConnection" finished-at="2021-01-02T21:12:29 CST" duration-ms="12632" status="PASS">
          <reporter-output>
          </reporter-output>
        </test-method> <!-- getConnection -->
        <test-method signature="AddingProductToCart()[pri:0, instance:finaltc.VerifyIfShoppingCartKeepItemWhenBrowserGetRefreshed@48974e45]" started-at="2021-01-02T21:12:29 CST" name="AddingProductToCart" finished-at="2021-01-02T21:12:49 CST" duration-ms="20735" status="FAIL">
          <exception class="java.lang.AssertionError">
            <message>
              <![CDATA[expected [false] but found [true]]]>
            </message>
            <full-stacktrace>
              <![CDATA[java.lang.AssertionError: expected [false] but found [true]
at org.testng.Assert.fail(Assert.java:99)
at org.testng.Assert.failNotEquals(Assert.java:1037)
at org.testng.Assert.assertFalse(Assert.java:67)
at org.testng.Assert.assertFalse(Assert.java:77)
at finaltc.VerifyIfShoppingCartKeepItemWhenBrowserGetRefreshed.AddingProductToCart(VerifyIfShoppingCartKeepItemWhenBrowserGetRefreshed.java:36)
at java.base/jdk.internal.reflect.NativeMethodAccessorImpl.invoke0(Native Method)
at java.base/jdk.internal.reflect.NativeMethodAccessorImpl.invoke(NativeMethodAccessorImpl.java:62)
at java.base/jdk.internal.reflect.DelegatingMethodAccessorImpl.invoke(DelegatingMethodAccessorImpl.java:43)
at java.base/java.lang.reflect.Method.invoke(Method.java:566)
at org.testng.internal.MethodInvocationHelper.invokeMethod(MethodInvocationHelper.java:132)
at org.testng.internal.TestInvoker.invokeMethod(TestInvoker.java:599)
at org.testng.internal.TestInvoker.invokeTestMethod(TestInvoker.java:174)
at org.testng.internal.MethodRunner.runInSequence(MethodRunner.java:46)
at org.testng.internal.TestInvoker$MethodInvocationAgent.invoke(TestInvoker.java:822)
at org.testng.internal.TestInvoker.invokeTestMethods(TestInvoker.java:147)
at org.testng.internal.TestMethodWorker.invokeTestMethods(TestMethodWorker.java:146)
at org.testng.internal.TestMethodWorker.run(TestMethodWorker.java:128)
at java.base/java.util.ArrayList.forEach(ArrayList.java:1541)
at org.testng.TestRunner.privateRun(TestRunner.java:764)
at org.testng.TestRunner.run(TestRunner.java:585)
at org.testng.SuiteRunner.runTest(SuiteRunner.java:384)
at org.testng.SuiteRunner.access$000(SuiteRunner.java:28)
at org.testng.SuiteRunner$SuiteWorker.run(SuiteRunner.java:425)
at org.testng.internal.thread.ThreadUtil.lambda$execute$0(ThreadUtil.java:66)
at java.base/java.util.concurrent.FutureTask.run(FutureTask.java:264)
at java.base/java.util.concurrent.ThreadPoolExecutor.runWorker(ThreadPoolExecutor.java:1128)
at java.base/java.util.concurrent.ThreadPoolExecutor$Worker.run(ThreadPoolExecutor.java:628)
at java.base/java.lang.Thread.run(Thread.java:834)
]]>
            </full-stacktrace>
          </exception> <!-- java.lang.AssertionError -->
          <reporter-output>
          </reporter-output>
        </test-method> <!-- AddingProductToCart -->
        <test-method is-config="true" signature="close()[pri:0, instance:finaltc.VerifyIfShoppingCartKeepItemWhenBrowserGetRefreshed@48974e45]" started-at="2021-01-02T21:12:49 CST" name="close" finished-at="2021-01-02T21:12:49 CST" duration-ms="31" status="PASS">
          <reporter-output>
          </reporter-output>
        </test-method> <!-- close -->
      </class> <!-- finaltc.VerifyIfShoppingCartKeepItemWhenBrowserGetRefreshed -->
    </test> <!-- VerifyIfShoppingCartKeepItemWhenBrowserGetRefreshed -->
  </suite> <!-- Suite -->
</testng-results>
